{
  "RSpec": {
    "coverage": {
      "/Users/praveensah/Downloads/Tickets - Crossover Ruby Trial/Code/spec/controllers/authentication_controller_spec.rb": [
        1,
        null,
        1,
        null,
        1,
        1,
        null,
        null,
        null,
        1,
        1,
        null,
        null,
        null,
        null,
        null,
        null,
        null,
        null,
        null,
        null,
        null
      ],
      "/Users/praveensah/Downloads/Tickets - Crossover Ruby Trial/Code/spec/rails_helper.rb": [
        null,
        1,
        1,
        null,
        1,
        1,
        1,
        null,
        null,
        null,
        null,
        null,
        null,
        null,
        null,
        null,
        null,
        null,
        null,
        null,
        null,
        null,
        3,
        null,
        null,
        null,
        1,
        null,
        1,
        null,
        1,
        null,
        null,
        null,
        null,
        1,
        null,
        null,
        null,
        null,
        null,
        null,
        null,
        null,
        null,
        null,
        null,
        null,
        null,
        null,
        1,
        1,
        null,
        1,
        null,
        null,
        null
      ],
      "/Users/praveensah/Downloads/Tickets - Crossover Ruby Trial/Code/config/environment.rb": [
        null,
        1,
        null,
        null,
        1
      ],
      "/Users/praveensah/Downloads/Tickets - Crossover Ruby Trial/Code/config/application.rb": [
        1,
        null,
        1,
        null,
        1,
        1,
        1,
        1,
        1,
        1,
        1,
        null,
        1,
        null,
        null,
        null,
        1,
        null,
        1,
        1,
        null,
        null,
        null,
        null,
        null,
        null,
        null,
        1,
        1,
        null,
        null
      ],
      "/Users/praveensah/Downloads/Tickets - Crossover Ruby Trial/Code/config/boot.rb": [
        1,
        null,
        1
      ],
      "/Users/praveensah/Downloads/Tickets - Crossover Ruby Trial/Code/config/environments/test.rb": [
        1,
        null,
        null,
        null,
        null,
        null,
        null,
        1,
        null,
        null,
        null,
        null,
        1,
        null,
        null,
        1,
        1,
        null,
        null,
        null,
        null,
        1,
        1,
        null,
        null,
        1,
        null,
        null,
        1,
        1,
        null,
        null,
        null,
        null,
        1,
        null,
        null,
        1,
        null,
        null,
        null,
        null
      ],
      "/Users/praveensah/Downloads/Tickets - Crossover Ruby Trial/Code/config/initializers/amazon_ses.rb": [
        1,
        null,
        null,
        null
      ],
      "/Users/praveensah/Downloads/Tickets - Crossover Ruby Trial/Code/config/initializers/application_controller_renderer.rb": [
        null,
        null,
        null,
        null,
        null,
        null
      ],
      "/Users/praveensah/Downloads/Tickets - Crossover Ruby Trial/Code/config/initializers/backtrace_silencers.rb": [
        null,
        null,
        null,
        null,
        null,
        null,
        null
      ],
      "/Users/praveensah/Downloads/Tickets - Crossover Ruby Trial/Code/config/initializers/cors.rb": [
        null,
        null,
        null,
        null,
        null,
        null,
        null,
        null,
        null,
        null,
        null,
        null,
        null,
        null,
        null,
        null
      ],
      "/Users/praveensah/Downloads/Tickets - Crossover Ruby Trial/Code/config/initializers/filter_parameter_logging.rb": [
        null,
        null,
        null,
        1
      ],
      "/Users/praveensah/Downloads/Tickets - Crossover Ruby Trial/Code/config/initializers/inflections.rb": [
        null,
        null,
        null,
        null,
        null,
        null,
        null,
        null,
        null,
        null,
        null,
        null,
        null,
        null,
        null,
        null
      ],
      "/Users/praveensah/Downloads/Tickets - Crossover Ruby Trial/Code/config/initializers/mime_types.rb": [
        null,
        null,
        null,
        null,
        1
      ],
      "/Users/praveensah/Downloads/Tickets - Crossover Ruby Trial/Code/config/initializers/new_framework_defaults.rb": [
        null,
        null,
        null,
        null,
        null,
        null,
        null,
        null,
        1,
        null,
        null,
        1,
        null,
        null,
        1,
        null,
        null,
        1
      ],
      "/Users/praveensah/Downloads/Tickets - Crossover Ruby Trial/Code/config/initializers/wrap_parameters.rb": [
        null,
        null,
        null,
        null,
        null,
        null,
        1,
        2,
        null,
        null,
        null,
        null,
        null,
        null
      ],
      "/Users/praveensah/Downloads/Tickets - Crossover Ruby Trial/Code/config/routes.rb": [
        1,
        null,
        1,
        null,
        1,
        1,
        1,
        1,
        1,
        null,
        1,
        1,
        1,
        null,
        1,
        null
      ],
      "/Users/praveensah/Downloads/Tickets - Crossover Ruby Trial/Code/spec/support/request_helpers.rb": [
        1,
        1,
        1,
        0,
        null,
        null,
        null
      ],
      "/Users/praveensah/Downloads/Tickets - Crossover Ruby Trial/Code/spec/support/token_helper.rb": [
        1,
        null,
        null,
        null,
        null,
        null,
        null,
        null,
        null,
        null
      ],
      "/Users/praveensah/Downloads/Tickets - Crossover Ruby Trial/Code/app/controllers/tickets_controller.rb": [
        1,
        null,
        1,
        null,
        null,
        1,
        4,
        4,
        null,
        null,
        null,
        null,
        null,
        1,
        null,
        0,
        0,
        0,
        0,
        0,
        0,
        null,
        0,
        null,
        0,
        null,
        0,
        null,
        null,
        null,
        1,
        null,
        0,
        0,
        0,
        0,
        0,
        0,
        null,
        0,
        null,
        0,
        0,
        0,
        null,
        0,
        null,
        null,
        0,
        null,
        null,
        null,
        null,
        1,
        4,
        2,
        null,
        2,
        null,
        null,
        null,
        null,
        1,
        2,
        0,
        null,
        2,
        null,
        null,
        2,
        1,
        null,
        1,
        null,
        null,
        null,
        null,
        1,
        1,
        1,
        1,
        null,
        0,
        null,
        null,
        0,
        null,
        null,
        null,
        null,
        1,
        0,
        0,
        null,
        0,
        null,
        null,
        null,
        1,
        null,
        null,
        1,
        null,
        5,
        null,
        null,
        null,
        1,
        3,
        null,
        null,
        1,
        1,
        1,
        1,
        null,
        0,
        null,
        null,
        null
      ],
      "/Users/praveensah/Downloads/Tickets - Crossover Ruby Trial/Code/app/controllers/application_controller.rb": [
        1,
        1,
        1,
        null,
        1,
        null,
        1,
        15,
        15,
        null,
        null,
        null,
        1,
        0,
        0,
        null,
        null,
        null,
        null,
        null,
        null,
        null
      ],
      "/Users/praveensah/Downloads/Tickets - Crossover Ruby Trial/Code/spec/controllers/tickets_controller_spec.rb": [
        1,
        null,
        1,
        null,
        1,
        2,
        null,
        null,
        1,
        1,
        null,
        null,
        1,
        null,
        1,
        1,
        1,
        1,
        1,
        null,
        1,
        1,
        null,
        1,
        1,
        null,
        1,
        1,
        null,
        null,
        1,
        1,
        1,
        null,
        null,
        1,
        1,
        1,
        1,
        1,
        1,
        1,
        null,
        1,
        1,
        null,
        null,
        1,
        1,
        1,
        1,
        1,
        1,
        1,
        null,
        1,
        1,
        1,
        1,
        1,
        1,
        1,
        null,
        1,
        1,
        1,
        1,
        1,
        1,
        4,
        1,
        null,
        null,
        null,
        1,
        1,
        1,
        1,
        1,
        null,
        1,
        1,
        1,
        1,
        null,
        1,
        1,
        1,
        1,
        null,
        1,
        1,
        1,
        1,
        null,
        1,
        1,
        1,
        1,
        null,
        null,
        null,
        null,
        1,
        1,
        1,
        null,
        1,
        1,
        1,
        1,
        1,
        1,
        null,
        1,
        1,
        null,
        null,
        null,
        1,
        1,
        1,
        null,
        1,
        1,
        null,
        null,
        null,
        null,
        1,
        null,
        1,
        null,
        1,
        1,
        null,
        null,
        1,
        1,
        1,
        1,
        null,
        1,
        1,
        1,
        1,
        null,
        null,
        null,
        null,
        null
      ],
      "/Users/praveensah/Downloads/Tickets - Crossover Ruby Trial/Code/spec/controllers/users_controller_spec.rb": [
        1,
        null,
        null,
        null,
        1,
        null,
        1,
        null,
        null,
        null,
        null,
        2,
        null,
        null,
        1,
        null,
        null,
        null,
        null,
        null,
        1,
        null,
        null,
        1,
        0,
        null,
        null,
        1,
        1,
        null,
        null,
        1,
        null,
        1,
        1,
        1,
        1,
        null,
        null,
        1,
        1,
        1,
        1,
        1,
        1,
        1,
        1,
        null,
        null,
        1,
        1,
        1,
        1,
        1,
        1,
        1,
        null,
        1,
        1,
        null,
        null,
        null,
        null
      ],
      "/Users/praveensah/Downloads/Tickets - Crossover Ruby Trial/Code/app/controllers/users_controller.rb": [
        1,
        null,
        1,
        null,
        1,
        null,
        null,
        1,
        2,
        1,
        1,
        null,
        1,
        null,
        null,
        null,
        null,
        1,
        0,
        0,
        null,
        0,
        null,
        null,
        null,
        null,
        null,
        null,
        null,
        1,
        0,
        null,
        null,
        null,
        1,
        0,
        null,
        0,
        0,
        null,
        0,
        null,
        null,
        null,
        null,
        1,
        0,
        0,
        null,
        0,
        null,
        null,
        null,
        null,
        1,
        0,
        null,
        null,
        null,
        null,
        null,
        null,
        null,
        null,
        null,
        null,
        null,
        1,
        null,
        null,
        1,
        0,
        null,
        null,
        null,
        1,
        0,
        null,
        null
      ],
      "/Users/praveensah/Downloads/Tickets - Crossover Ruby Trial/Code/spec/models/admin_spec.rb": [
        1,
        null,
        1,
        null,
        1,
        null,
        null,
        null,
        null,
        null,
        0,
        null,
        null,
        1,
        1,
        null,
        null,
        1,
        1,
        null,
        1,
        null,
        null,
        null,
        null,
        null,
        null,
        null,
        null,
        1,
        1,
        null,
        null,
        1,
        1,
        1,
        null,
        null,
        null,
        1,
        1,
        null,
        null,
        null,
        null
      ],
      "/Users/praveensah/Downloads/Tickets - Crossover Ruby Trial/Code/app/models/admin.rb": [
        1,
        null,
        1,
        1,
        null,
        null,
        1,
        1,
        null,
        null,
        null
      ],
      "/Users/praveensah/Downloads/Tickets - Crossover Ruby Trial/Code/app/models/user.rb": [
        1,
        null,
        1,
        4,
        null,
        null,
        null,
        1,
        null,
        1,
        null,
        1,
        null,
        null,
        null,
        1,
        1,
        null,
        1,
        null,
        null,
        null,
        null,
        null,
        1,
        1,
        null,
        1,
        0,
        null,
        null,
        1,
        null,
        14,
        null,
        null,
        1,
        3,
        2,
        null,
        null,
        null,
        1,
        3,
        0,
        null,
        null,
        null,
        null
      ],
      "/Users/praveensah/Downloads/Tickets - Crossover Ruby Trial/Code/app/models/application_record.rb": [
        1,
        1,
        null
      ],
      "/Users/praveensah/Downloads/Tickets - Crossover Ruby Trial/Code/spec/models/agent_spec.rb": [
        1,
        null,
        1,
        null,
        1,
        null,
        null,
        null,
        null,
        null,
        0,
        null,
        null,
        1,
        1,
        null,
        null,
        null,
        1,
        1,
        null,
        null,
        1,
        1,
        null,
        null,
        1,
        1,
        1,
        null,
        null,
        null,
        null,
        null
      ],
      "/Users/praveensah/Downloads/Tickets - Crossover Ruby Trial/Code/app/models/agent.rb": [
        1,
        null,
        1,
        null,
        null,
        1,
        2,
        null,
        null,
        1,
        2,
        null,
        null,
        1,
        0,
        null,
        null,
        1,
        0,
        null,
        null,
        1,
        0,
        null,
        null,
        null
      ],
      "/Users/praveensah/Downloads/Tickets - Crossover Ruby Trial/Code/spec/models/customer_spec.rb": [
        1,
        null,
        1,
        null,
        1,
        null,
        null,
        null,
        null,
        1,
        null,
        null,
        1,
        1,
        null,
        null,
        null,
        1,
        1,
        1,
        null,
        null,
        null,
        null,
        null,
        null,
        null,
        null,
        1,
        1,
        null,
        null,
        1,
        1,
        1,
        null,
        null,
        null,
        1,
        1,
        1,
        1,
        null,
        null
      ],
      "/Users/praveensah/Downloads/Tickets - Crossover Ruby Trial/Code/app/models/customer.rb": [
        1,
        null,
        null,
        1,
        null,
        1,
        1,
        null,
        null,
        1,
        2,
        null,
        null
      ],
      "/Users/praveensah/Downloads/Tickets - Crossover Ruby Trial/Code/spec/models/ticket_spec.rb": [
        1,
        null,
        1,
        null,
        1,
        null,
        null,
        null,
        null,
        null,
        1,
        null,
        null,
        null,
        1,
        null,
        null,
        null,
        null,
        1,
        null,
        null,
        1,
        null,
        null,
        null,
        null,
        null,
        null,
        6,
        null,
        null,
        1,
        1,
        1,
        null,
        null,
        1,
        1,
        null,
        null,
        1,
        1,
        1,
        null,
        null,
        null,
        1,
        1,
        null,
        null,
        1,
        1,
        1,
        null,
        null,
        1,
        1,
        1,
        null,
        1,
        null,
        null,
        1,
        1,
        1,
        1,
        null,
        null,
        null,
        null,
        1,
        1,
        1,
        null,
        1,
        null,
        null,
        1,
        1,
        1,
        null,
        1,
        null,
        null,
        1,
        1,
        1,
        1,
        null,
        null,
        null
      ],
      "/Users/praveensah/Downloads/Tickets - Crossover Ruby Trial/Code/app/models/ticket.rb": [
        1,
        null,
        1,
        null,
        1,
        null,
        1,
        null,
        null,
        1,
        null,
        null,
        1,
        null,
        null,
        1,
        null,
        1,
        null,
        1,
        null,
        1,
        null,
        1,
        null,
        1,
        null,
        1,
        16,
        3,
        null,
        null,
        null,
        null
      ],
      "/Users/praveensah/Downloads/Tickets - Crossover Ruby Trial/Code/spec/models/user_spec.rb": [
        1,
        null,
        1,
        null,
        1,
        1,
        null,
        null,
        1,
        null,
        null,
        null,
        null,
        1,
        null,
        null,
        null,
        1,
        null,
        null,
        null,
        null,
        null,
        0,
        null,
        null,
        1,
        1,
        null,
        null,
        1,
        7,
        null,
        null,
        null,
        null,
        null,
        null,
        null,
        null,
        1,
        1,
        null,
        null,
        1,
        1,
        1,
        null,
        null,
        null,
        1,
        1,
        1,
        null,
        null,
        null,
        1,
        1,
        1,
        null,
        null,
        null,
        null,
        null,
        null,
        null,
        null,
        1,
        1,
        1,
        1,
        null,
        null,
        null,
        null,
        null,
        null,
        1,
        null,
        null,
        null,
        null,
        null,
        null,
        null,
        null,
        null,
        1,
        1,
        1,
        1,
        null,
        null,
        null,
        null,
        null,
        null,
        null,
        null,
        1,
        1,
        1,
        null,
        null,
        null,
        1,
        1,
        1,
        null,
        null,
        null,
        null
      ],
      "/Users/praveensah/Downloads/Tickets - Crossover Ruby Trial/Code/spec/requests/tickets_spec.rb": [
        1,
        null,
        1,
        1,
        null,
        null,
        null,
        null,
        null,
        null,
        null,
        null,
        null,
        null,
        null,
        null,
        null,
        null,
        null,
        null,
        null,
        null,
        null,
        null,
        null,
        null
      ],
      "/Users/praveensah/Downloads/Tickets - Crossover Ruby Trial/Code/spec/routing/tickets_routing_spec.rb": [
        1,
        null,
        1,
        1,
        null,
        1,
        1,
        null,
        null,
        1,
        1,
        null,
        null,
        null,
        null,
        1,
        1,
        null,
        null,
        1,
        1,
        null,
        null,
        1,
        1,
        null,
        null,
        1,
        1,
        null,
        null,
        null,
        null
      ],
      "/Users/praveensah/Downloads/Tickets - Crossover Ruby Trial/Code/spec/routing/users_routing_spec.rb": [
        1,
        null,
        1,
        1,
        null,
        1,
        1,
        null,
        null,
        null,
        null,
        1,
        1,
        null,
        null,
        null,
        1,
        1,
        null,
        null,
        1,
        1,
        null,
        null,
        1,
        1,
        null,
        null,
        1,
        1,
        null,
        null,
        null,
        null
      ],
      "/Users/praveensah/Downloads/Tickets - Crossover Ruby Trial/Code/app/commands/authenticate_user.rb": [
        1,
        1,
        null,
        1,
        14,
        14,
        null,
        null,
        1,
        14,
        null,
        null,
        1,
        null,
        1,
        null,
        1,
        42,
        42,
        0,
        null,
        null,
        null
      ],
      "/Users/praveensah/Downloads/Tickets - Crossover Ruby Trial/Code/lib/json_web_token.rb": [
        null,
        1,
        1,
        1,
        14,
        14,
        null,
        null,
        1,
        15,
        13,
        null,
        2,
        null,
        null,
        null
      ],
      "/Users/praveensah/Downloads/Tickets - Crossover Ruby Trial/Code/app/commands/authorize_api_request.rb": [
        1,
        1,
        null,
        1,
        null,
        15,
        null,
        null,
        1,
        15,
        null,
        null,
        1,
        null,
        1,
        null,
        1,
        15,
        15,
        null,
        null,
        1,
        28,
        null,
        null,
        1,
        15,
        13,
        null,
        2,
        null,
        null,
        null,
        null
      ],
      "/Users/praveensah/Downloads/Tickets - Crossover Ruby Trial/Code/app/models/comment.rb": [
        1,
        null,
        1,
        null,
        null,
        null
      ],
      "/Users/praveensah/Downloads/Tickets - Crossover Ruby Trial/Code/app/models/department.rb": [
        1,
        null
      ]
    },
    "timestamp": 1507495209
  }
}
